2025-07-30T00:22:05.337+05:30  WARN 16504 --- [sample-client] [HikariPool-1 housekeeper] [                                                 ] com.zaxxer.hikari.pool.HikariPool        : HikariPool-1 - Thread starvation or clock leap detected (housekeeper delta=50m16s814ms).
2025-07-30T00:38:28.934+05:30  WARN 16504 --- [sample-client] [HikariPool-1 housekeeper] [                                                 ] com.zaxxer.hikari.pool.HikariPool        : HikariPool-1 - Thread starvation or clock leap detected (housekeeper delta=16m23s597ms).
2025-07-30T02:02:46.946+05:30  WARN 16504 --- [sample-client] [HikariPool-1 housekeeper] [                                                 ] com.zaxxer.hikari.pool.HikariPool        : HikariPool-1 - Thread starvation or clock leap detected (housekeeper delta=1h24m18s12ms).
2025-07-30T03:40:00.362+05:30  WARN 16504 --- [sample-client] [HikariPool-1 housekeeper] [                                                 ] com.zaxxer.hikari.pool.HikariPool        : HikariPool-1 - Thread starvation or clock leap detected (housekeeper delta=1h37m13s416ms).
2025-07-30T04:20:18.374+05:30  WARN 16504 --- [sample-client] [HikariPool-1 housekeeper] [                                                 ] com.zaxxer.hikari.pool.HikariPool        : HikariPool-1 - Thread starvation or clock leap detected (housekeeper delta=40m18s11ms).
2025-07-30T05:59:24.166+05:30  WARN 16504 --- [sample-client] [HikariPool-1 housekeeper] [                                                 ] com.zaxxer.hikari.pool.HikariPool        : HikariPool-1 - Thread starvation or clock leap detected (housekeeper delta=1h38m35s787ms).
2025-07-30T06:21:24.438+05:30  WARN 16504 --- [sample-client] [HikariPool-1 housekeeper] [                                                 ] com.zaxxer.hikari.pool.HikariPool        : HikariPool-1 - Thread starvation or clock leap detected (housekeeper delta=22m271ms).
2025-07-30T06:39:07.363+05:30  WARN 16504 --- [sample-client] [HikariPool-1 housekeeper] [                                                 ] com.zaxxer.hikari.pool.HikariPool        : HikariPool-1 - Thread starvation or clock leap detected (housekeeper delta=17m42s926ms).
2025-07-30T07:08:52.664+05:30  WARN 16504 --- [sample-client] [HikariPool-1 housekeeper] [                                                 ] com.zaxxer.hikari.pool.HikariPool        : HikariPool-1 - Thread starvation or clock leap detected (housekeeper delta=29m45s300ms).
2025-07-30T07:22:10.672+05:30  WARN 16504 --- [sample-client] [HikariPool-1 housekeeper] [                                                 ] com.zaxxer.hikari.pool.HikariPool        : HikariPool-1 - Thread starvation or clock leap detected (housekeeper delta=13m18s9ms).
2025-07-30T07:58:35.042+05:30  WARN 16504 --- [sample-client] [HikariPool-1 housekeeper] [                                                 ] com.zaxxer.hikari.pool.HikariPool        : HikariPool-1 - Thread starvation or clock leap detected (housekeeper delta=35m54s353ms).
2025-07-30T08:00:03.510+05:30  WARN 16504 --- [sample-client] [HikariPool-1 housekeeper] [                                                 ] com.zaxxer.hikari.pool.HikariPool        : HikariPool-1 - Thread starvation or clock leap detected (housekeeper delta=58s458ms).
2025-07-30T11:23:13.675+05:30  WARN 16504 --- [sample-client] [registrationTask1] [                                                 ] d.c.b.a.c.r.ApplicationRegistrator       : Failed to register application as Application(name=sample-client, managementUrl=http://localhost:9191/actuator, healthUrl=http://localhost:9191/actuator/health, serviceUrl=http://localhost:9191/) at spring-boot-admin ([http://localhost:9292/instances]): I/O error on POST request for "http://localhost:9292/instances": Unexpected end of file from server. Further attempts are logged on DEBUG level
2025-07-30T11:33:36.773+05:30  INFO 5197 --- [sample-client] [restartedMain] [                                                 ] ring3AdminClientZipkinProductBaseProject : Starting Spring3AdminClientZipkinProductBaseProject using Java 23.0.2 with PID 5197 (/Users/ashujauhari/Data1/ClientBasedContent/DB-2025/Day234/DBCoreJava2025/Spring3AdminClientZipkinProductBaseProject/target/classes started by ashujauhari in /Users/ashujauhari/Data1/ClientBasedContent/DB-2025/Day234/DBCoreJava2025/Spring3AdminClientZipkinProductBaseProject)
2025-07-30T11:33:36.775+05:30  INFO 5197 --- [sample-client] [restartedMain] [                                                 ] ring3AdminClientZipkinProductBaseProject : No active profile set, falling back to 1 default profile: "default"
2025-07-30T11:33:38.252+05:30  INFO 5197 --- [sample-client] [restartedMain] [                                                 ] o.apache.catalina.core.StandardService   : Starting service [Tomcat]
2025-07-30T11:33:38.252+05:30  INFO 5197 --- [sample-client] [restartedMain] [                                                 ] o.apache.catalina.core.StandardEngine    : Starting Servlet engine: [Apache Tomcat/10.1.20]
2025-07-30T11:33:38.289+05:30  INFO 5197 --- [sample-client] [restartedMain] [                                                 ] o.a.c.c.C.[Tomcat].[localhost].[/]       : Initializing Spring embedded WebApplicationContext
2025-07-30T11:33:38.712+05:30  INFO 5197 --- [sample-client] [restartedMain] [                                                 ] o.hibernate.jpa.internal.util.LogHelper  : HHH000204: Processing PersistenceUnitInfo [name: default]
2025-07-30T11:33:38.753+05:30  INFO 5197 --- [sample-client] [restartedMain] [                                                 ] org.hibernate.Version                    : HHH000412: Hibernate ORM core version 6.4.4.Final
2025-07-30T11:33:38.774+05:30  INFO 5197 --- [sample-client] [restartedMain] [                                                 ] o.h.c.internal.RegionFactoryInitiator    : HHH000026: Second-level cache disabled
2025-07-30T11:33:38.956+05:30  INFO 5197 --- [sample-client] [restartedMain] [                                                 ] com.zaxxer.hikari.HikariDataSource       : HikariPool-1 - Starting...
2025-07-30T11:33:39.367+05:30  INFO 5197 --- [sample-client] [restartedMain] [                                                 ] com.zaxxer.hikari.pool.HikariPool        : HikariPool-1 - Added connection com.mysql.cj.jdbc.ConnectionImpl@26852868
2025-07-30T11:33:39.368+05:30  INFO 5197 --- [sample-client] [restartedMain] [                                                 ] com.zaxxer.hikari.HikariDataSource       : HikariPool-1 - Start completed.
2025-07-30T11:33:39.412+05:30  WARN 5197 --- [sample-client] [restartedMain] [                                                 ] org.hibernate.orm.deprecation            : HHH90000025: MySQL8Dialect does not need to be specified explicitly using 'hibernate.dialect' (remove the property setting and it will be selected by default)
2025-07-30T11:33:39.415+05:30  WARN 5197 --- [sample-client] [restartedMain] [                                                 ] org.hibernate.orm.deprecation            : HHH90000026: MySQL8Dialect has been deprecated; use org.hibernate.dialect.MySQLDialect instead
2025-07-30T11:33:40.115+05:30  INFO 5197 --- [sample-client] [restartedMain] [                                                 ] o.h.e.t.j.p.i.JtaPlatformInitiator       : HHH000489: No JTA platform available (set 'hibernate.transaction.jta.platform' to enable JTA platform integration)
2025-07-30T11:33:40.499+05:30  WARN 5197 --- [sample-client] [restartedMain] [                                                 ] JpaBaseConfiguration$JpaWebConfiguration : spring.jpa.open-in-view is enabled by default. Therefore, database queries may be performed during view rendering. Explicitly configure spring.jpa.open-in-view to disable this warning
2025-07-30T11:33:41.097+05:30  WARN 5197 --- [sample-client] [restartedMain] [                                                 ] o.s.b.d.a.OptionalLiveReloadServer       : Unable to start LiveReload server
2025-07-30T11:33:41.162+05:30  INFO 5197 --- [sample-client] [restartedMain] [                                                 ] ring3AdminClientZipkinProductBaseProject : Started Spring3AdminClientZipkinProductBaseProject in 4.71 seconds (process running for 5.19)
2025-07-30T11:33:41.395+05:30  INFO 5197 --- [sample-client] [registrationTask1] [                                                 ] d.c.b.a.c.r.ApplicationRegistrator       : Application registered itself as 53b09f22627f
2025-07-30T11:33:41.472+05:30  INFO 5197 --- [sample-client] [http-nio-9191-exec-1] [                                                 ] o.a.c.c.C.[Tomcat].[localhost].[/]       : Initializing Spring DispatcherServlet 'dispatcherServlet'
2025-07-30T11:34:25.823+05:30  WARN 5197 --- [sample-client] [http-nio-9191-exec-6] [6889b5e9df0c60f14e99b41e89324206-4e99b41e89324206] .m.m.a.ExceptionHandlerExceptionResolver : Resolved [org.springframework.web.servlet.resource.NoResourceFoundException: No static resource api/hell.]
2025-07-30T11:34:26.377+05:30  WARN 5197 --- [sample-client] [http-nio-9191-exec-7] [6889b5eaf8cd90a5844f5b2d45ff2374-844f5b2d45ff2374] .m.m.a.ExceptionHandlerExceptionResolver : Resolved [org.springframework.web.servlet.resource.NoResourceFoundException: No static resource favicon.ico.]
2025-07-30T11:34:29.760+05:30  INFO 5197 --- [sample-client] [http-nio-9191-exec-8] [6889b5edbd8f331508b778e5f9deef86-08b778e5f9deef86] c.e.demo.controller.ProductController    : This is an info message
2025-07-30T11:34:29.761+05:30 ERROR 5197 --- [sample-client] [http-nio-9191-exec-8] [6889b5edbd8f331508b778e5f9deef86-08b778e5f9deef86] c.e.demo.controller.ProductController    : Something went wrong!
2025-07-30T11:34:29.838+05:30  WARN 5197 --- [sample-client] [http-nio-9191-exec-9] [6889b5edcf5fe5fe055f4a8c027522a0-055f4a8c027522a0] .m.m.a.ExceptionHandlerExceptionResolver : Resolved [org.springframework.web.servlet.resource.NoResourceFoundException: No static resource favicon.ico.]
2025-07-30T11:35:02.078+05:30  WARN 5197 --- [sample-client] [http-nio-9191-exec-4] [6889b60e58f9c47d5469e9fad21818f2-5469e9fad21818f2] .m.m.a.ExceptionHandlerExceptionResolver : Resolved [org.springframework.web.servlet.resource.NoResourceFoundException: No static resource favicon.ico.]
2025-07-30T11:35:15.535+05:30  WARN 5197 --- [sample-client] [AsyncReporter{org.springframework.boot.actuate.autoconfigure.tracing.zipkin.ZipkinRestTemplateSender@6b611bc3}] [                                                 ] z.r.AsyncReporter$BoundedAsyncReporter   : Spans were dropped due to exceptions. All subsequent errors will be logged at FINE level.
2025-07-30T11:35:15.535+05:30  WARN 5197 --- [sample-client] [AsyncReporter{org.springframework.boot.actuate.autoconfigure.tracing.zipkin.ZipkinRestTemplateSender@6b611bc3}] [                                                 ] z.r.AsyncReporter$BoundedAsyncReporter   : Dropped 1 spans due to ResourceAccessException(I/O error on POST request for "http://localhost:9411/api/v2/spans": Connection refused)

org.springframework.web.client.ResourceAccessException: I/O error on POST request for "http://localhost:9411/api/v2/spans": Connection refused
	at org.springframework.web.client.RestTemplate.createResourceAccessException(RestTemplate.java:915) ~[spring-web-6.1.6.jar:6.1.6]
	at org.springframework.web.client.RestTemplate.doExecute(RestTemplate.java:895) ~[spring-web-6.1.6.jar:6.1.6]
	at org.springframework.web.client.RestTemplate.execute(RestTemplate.java:790) ~[spring-web-6.1.6.jar:6.1.6]
	at org.springframework.web.client.RestTemplate.exchange(RestTemplate.java:672) ~[spring-web-6.1.6.jar:6.1.6]
	at org.springframework.boot.actuate.autoconfigure.tracing.zipkin.ZipkinRestTemplateSender$RestTemplateHttpPostCall.doExecute(ZipkinRestTemplateSender.java:68) ~[spring-boot-actuator-autoconfigure-3.2.5.jar:3.2.5]
	at org.springframework.boot.actuate.autoconfigure.tracing.zipkin.ZipkinRestTemplateSender$RestTemplateHttpPostCall.doExecute(ZipkinRestTemplateSender.java:48) ~[spring-boot-actuator-autoconfigure-3.2.5.jar:3.2.5]
	at zipkin2.Call$Base.execute(Call.java:391) ~[zipkin-2.23.2.jar:na]
	at zipkin2.reporter.AsyncReporter$BoundedAsyncReporter.flush(AsyncReporter.java:299) ~[zipkin-reporter-2.16.3.jar:na]
	at zipkin2.reporter.AsyncReporter$Flusher.run(AsyncReporter.java:378) ~[zipkin-reporter-2.16.3.jar:na]
	at java.base/java.lang.Thread.run(Thread.java:1575) ~[na:na]
Caused by: java.net.ConnectException: Connection refused
	at java.base/sun.nio.ch.Net.pollConnect(Native Method) ~[na:na]
	at java.base/sun.nio.ch.Net.pollConnectNow(Net.java:682) ~[na:na]
	at java.base/sun.nio.ch.NioSocketImpl.timedFinishConnect(NioSocketImpl.java:549) ~[na:na]
	at java.base/sun.nio.ch.NioSocketImpl.connect(NioSocketImpl.java:592) ~[na:na]
	at java.base/java.net.Socket.connect(Socket.java:760) ~[na:na]
	at java.base/sun.net.NetworkClient.doConnect(NetworkClient.java:178) ~[na:na]
	at java.base/sun.net.www.http.HttpClient.openServer(HttpClient.java:531) ~[na:na]
	at java.base/sun.net.www.http.HttpClient.openServer(HttpClient.java:636) ~[na:na]
	at java.base/sun.net.www.http.HttpClient.<init>(HttpClient.java:280) ~[na:na]
	at java.base/sun.net.www.http.HttpClient.New(HttpClient.java:386) ~[na:na]
	at java.base/sun.net.www.http.HttpClient.New(HttpClient.java:408) ~[na:na]
	at java.base/sun.net.www.protocol.http.HttpURLConnection.getNewHttpClient(HttpURLConnection.java:1310) ~[na:na]
	at java.base/sun.net.www.protocol.http.HttpURLConnection.plainConnect0(HttpURLConnection.java:1243) ~[na:na]
	at java.base/sun.net.www.protocol.http.HttpURLConnection.plainConnect(HttpURLConnection.java:1129) ~[na:na]
	at java.base/sun.net.www.protocol.http.HttpURLConnection.connect(HttpURLConnection.java:1058) ~[na:na]
	at org.springframework.http.client.SimpleClientHttpRequest.executeInternal(SimpleClientHttpRequest.java:79) ~[spring-web-6.1.6.jar:6.1.6]
	at org.springframework.http.client.AbstractStreamingClientHttpRequest.executeInternal(AbstractStreamingClientHttpRequest.java:70) ~[spring-web-6.1.6.jar:6.1.6]
	at org.springframework.http.client.AbstractClientHttpRequest.execute(AbstractClientHttpRequest.java:66) ~[spring-web-6.1.6.jar:6.1.6]
	at org.springframework.web.client.RestTemplate.doExecute(RestTemplate.java:889) ~[spring-web-6.1.6.jar:6.1.6]
	... 8 common frames omitted

2025-07-30T11:35:19.533+05:30  WARN 5197 --- [sample-client] [http-nio-9191-exec-7] [6889b61f264b170d80345132af867358-80345132af867358] .m.m.a.ExceptionHandlerExceptionResolver : Resolved [org.springframework.web.servlet.resource.NoResourceFoundException: No static resource favicon.ico.]
