2025-07-29T21:45:10.338+05:30  INFO 16386 --- [sample-client] [restartedMain] [                                                 ] ring3AdminClientZipkinProductBaseProject : Starting Spring3AdminClientZipkinProductBaseProject using Java 23.0.2 with PID 16386 (/Users/ashujauhari/Data1/ClientBasedContent/DB-2025/Day234/DBCoreJava2025/Spring3AdminClientZipkinProductBaseProject/target/classes started by ashujauhari in /Users/ashujauhari/Data1/ClientBasedContent/DB-2025/Day234/DBCoreJava2025/Spring3AdminClientZipkinProductBaseProject)
2025-07-29T21:45:10.340+05:30  INFO 16386 --- [sample-client] [restartedMain] [                                                 ] ring3AdminClientZipkinProductBaseProject : No active profile set, falling back to 1 default profile: "default"
2025-07-29T21:45:11.814+05:30  INFO 16386 --- [sample-client] [restartedMain] [                                                 ] o.apache.catalina.core.StandardService   : Starting service [Tomcat]
2025-07-29T21:45:11.815+05:30  INFO 16386 --- [sample-client] [restartedMain] [                                                 ] o.apache.catalina.core.StandardEngine    : Starting Servlet engine: [Apache Tomcat/10.1.20]
2025-07-29T21:45:11.855+05:30  INFO 16386 --- [sample-client] [restartedMain] [                                                 ] o.a.c.c.C.[Tomcat].[localhost].[/]       : Initializing Spring embedded WebApplicationContext
2025-07-29T21:45:12.280+05:30  INFO 16386 --- [sample-client] [restartedMain] [                                                 ] o.hibernate.jpa.internal.util.LogHelper  : HHH000204: Processing PersistenceUnitInfo [name: default]
2025-07-29T21:45:12.318+05:30  INFO 16386 --- [sample-client] [restartedMain] [                                                 ] org.hibernate.Version                    : HHH000412: Hibernate ORM core version 6.4.4.Final
2025-07-29T21:45:12.342+05:30  INFO 16386 --- [sample-client] [restartedMain] [                                                 ] o.h.c.internal.RegionFactoryInitiator    : HHH000026: Second-level cache disabled
2025-07-29T21:45:12.540+05:30  INFO 16386 --- [sample-client] [restartedMain] [                                                 ] com.zaxxer.hikari.HikariDataSource       : HikariPool-1 - Starting...
2025-07-29T21:45:12.939+05:30  INFO 16386 --- [sample-client] [restartedMain] [                                                 ] com.zaxxer.hikari.pool.HikariPool        : HikariPool-1 - Added connection com.mysql.cj.jdbc.ConnectionImpl@583e6a77
2025-07-29T21:45:12.940+05:30  INFO 16386 --- [sample-client] [restartedMain] [                                                 ] com.zaxxer.hikari.HikariDataSource       : HikariPool-1 - Start completed.
2025-07-29T21:45:12.981+05:30  WARN 16386 --- [sample-client] [restartedMain] [                                                 ] org.hibernate.orm.deprecation            : HHH90000025: MySQL8Dialect does not need to be specified explicitly using 'hibernate.dialect' (remove the property setting and it will be selected by default)
2025-07-29T21:45:12.982+05:30  WARN 16386 --- [sample-client] [restartedMain] [                                                 ] org.hibernate.orm.deprecation            : HHH90000026: MySQL8Dialect has been deprecated; use org.hibernate.dialect.MySQLDialect instead
2025-07-29T21:45:13.446+05:30  INFO 16386 --- [sample-client] [restartedMain] [                                                 ] o.h.e.t.j.p.i.JtaPlatformInitiator       : HHH000489: No JTA platform available (set 'hibernate.transaction.jta.platform' to enable JTA platform integration)
2025-07-29T21:45:13.754+05:30  WARN 16386 --- [sample-client] [restartedMain] [                                                 ] JpaBaseConfiguration$JpaWebConfiguration : spring.jpa.open-in-view is enabled by default. Therefore, database queries may be performed during view rendering. Explicitly configure spring.jpa.open-in-view to disable this warning
2025-07-29T21:45:14.232+05:30  WARN 16386 --- [sample-client] [restartedMain] [                                                 ] o.s.b.d.a.OptionalLiveReloadServer       : Unable to start LiveReload server
2025-07-29T21:45:14.290+05:30  INFO 16386 --- [sample-client] [restartedMain] [                                                 ] ring3AdminClientZipkinProductBaseProject : Started Spring3AdminClientZipkinProductBaseProject in 4.25 seconds (process running for 4.646)
2025-07-29T21:45:14.404+05:30  INFO 16386 --- [sample-client] [registrationTask1] [                                                 ] d.c.b.a.c.r.ApplicationRegistrator       : Application registered itself as 53b09f22627f
2025-07-29T21:45:14.417+05:30  INFO 16386 --- [sample-client] [http-nio-9191-exec-1] [                                                 ] o.a.c.c.C.[Tomcat].[localhost].[/]       : Initializing Spring DispatcherServlet 'dispatcherServlet'
2025-07-29T21:47:15.759+05:30  INFO 16504 --- [sample-client] [restartedMain] [                                                 ] ring3AdminClientZipkinProductBaseProject : Starting Spring3AdminClientZipkinProductBaseProject using Java 23.0.2 with PID 16504 (/Users/ashujauhari/Data1/ClientBasedContent/DB-2025/Day234/DBCoreJava2025/Spring3AdminClientZipkinProductBaseProject/target/classes started by ashujauhari in /Users/ashujauhari/Data1/ClientBasedContent/DB-2025/Day234/DBCoreJava2025/Spring3AdminClientZipkinProductBaseProject)
2025-07-29T21:47:15.762+05:30  INFO 16504 --- [sample-client] [restartedMain] [                                                 ] ring3AdminClientZipkinProductBaseProject : No active profile set, falling back to 1 default profile: "default"
2025-07-29T21:47:16.871+05:30  INFO 16504 --- [sample-client] [restartedMain] [                                                 ] o.apache.catalina.core.StandardService   : Starting service [Tomcat]
2025-07-29T21:47:16.871+05:30  INFO 16504 --- [sample-client] [restartedMain] [                                                 ] o.apache.catalina.core.StandardEngine    : Starting Servlet engine: [Apache Tomcat/10.1.20]
2025-07-29T21:47:16.893+05:30  INFO 16504 --- [sample-client] [restartedMain] [                                                 ] o.a.c.c.C.[Tomcat].[localhost].[/]       : Initializing Spring embedded WebApplicationContext
2025-07-29T21:47:17.127+05:30  INFO 16504 --- [sample-client] [restartedMain] [                                                 ] o.hibernate.jpa.internal.util.LogHelper  : HHH000204: Processing PersistenceUnitInfo [name: default]
2025-07-29T21:47:17.154+05:30  INFO 16504 --- [sample-client] [restartedMain] [                                                 ] org.hibernate.Version                    : HHH000412: Hibernate ORM core version 6.4.4.Final
2025-07-29T21:47:17.170+05:30  INFO 16504 --- [sample-client] [restartedMain] [                                                 ] o.h.c.internal.RegionFactoryInitiator    : HHH000026: Second-level cache disabled
2025-07-29T21:47:17.286+05:30  INFO 16504 --- [sample-client] [restartedMain] [                                                 ] com.zaxxer.hikari.HikariDataSource       : HikariPool-1 - Starting...
2025-07-29T21:47:17.481+05:30  INFO 16504 --- [sample-client] [restartedMain] [                                                 ] com.zaxxer.hikari.pool.HikariPool        : HikariPool-1 - Added connection com.mysql.cj.jdbc.ConnectionImpl@be9cb82
2025-07-29T21:47:17.482+05:30  INFO 16504 --- [sample-client] [restartedMain] [                                                 ] com.zaxxer.hikari.HikariDataSource       : HikariPool-1 - Start completed.
2025-07-29T21:47:17.513+05:30  WARN 16504 --- [sample-client] [restartedMain] [                                                 ] org.hibernate.orm.deprecation            : HHH90000025: MySQL8Dialect does not need to be specified explicitly using 'hibernate.dialect' (remove the property setting and it will be selected by default)
2025-07-29T21:47:17.513+05:30  WARN 16504 --- [sample-client] [restartedMain] [                                                 ] org.hibernate.orm.deprecation            : HHH90000026: MySQL8Dialect has been deprecated; use org.hibernate.dialect.MySQLDialect instead
2025-07-29T21:47:17.950+05:30  INFO 16504 --- [sample-client] [restartedMain] [                                                 ] o.h.e.t.j.p.i.JtaPlatformInitiator       : HHH000489: No JTA platform available (set 'hibernate.transaction.jta.platform' to enable JTA platform integration)
2025-07-29T21:47:18.230+05:30  WARN 16504 --- [sample-client] [restartedMain] [                                                 ] JpaBaseConfiguration$JpaWebConfiguration : spring.jpa.open-in-view is enabled by default. Therefore, database queries may be performed during view rendering. Explicitly configure spring.jpa.open-in-view to disable this warning
2025-07-29T21:47:18.652+05:30  WARN 16504 --- [sample-client] [restartedMain] [                                                 ] o.s.b.d.a.OptionalLiveReloadServer       : Unable to start LiveReload server
2025-07-29T21:47:18.719+05:30  INFO 16504 --- [sample-client] [restartedMain] [                                                 ] ring3AdminClientZipkinProductBaseProject : Started Spring3AdminClientZipkinProductBaseProject in 3.261 seconds (process running for 3.563)
2025-07-29T21:47:18.823+05:30  INFO 16504 --- [sample-client] [registrationTask1] [                                                 ] d.c.b.a.c.r.ApplicationRegistrator       : Application registered itself as 53b09f22627f
2025-07-29T21:47:18.836+05:30  INFO 16504 --- [sample-client] [http-nio-9191-exec-3] [                                                 ] o.a.c.c.C.[Tomcat].[localhost].[/]       : Initializing Spring DispatcherServlet 'dispatcherServlet'
2025-07-29T21:47:27.093+05:30  INFO 16504 --- [sample-client] [http-nio-9191-exec-4] [6888f41747aa80747a4ddfc3aa2c8f9d-7a4ddfc3aa2c8f9d] c.e.demo.controller.ProductController    : This is an info message
2025-07-29T21:47:27.094+05:30 ERROR 16504 --- [sample-client] [http-nio-9191-exec-4] [6888f41747aa80747a4ddfc3aa2c8f9d-7a4ddfc3aa2c8f9d] c.e.demo.controller.ProductController    : Something went wrong!
2025-07-29T21:47:27.195+05:30  WARN 16504 --- [sample-client] [http-nio-9191-exec-5] [6888f417d5bd915289e80270d25470e1-89e80270d25470e1] .m.m.a.ExceptionHandlerExceptionResolver : Resolved [org.springframework.web.servlet.resource.NoResourceFoundException: No static resource favicon.ico.]
2025-07-29T21:47:30.076+05:30  WARN 16504 --- [sample-client] [http-nio-9191-exec-8] [6888f41afd68d047caba16c5e1cecbdb-caba16c5e1cecbdb] .m.m.a.ExceptionHandlerExceptionResolver : Resolved [org.springframework.web.servlet.resource.NoResourceFoundException: No static resource favicon.ico.]
2025-07-29T21:48:14.170+05:30  INFO 16504 --- [sample-client] [http-nio-9191-exec-1] [6888f446c5897448f2af60f370ede63e-f2af60f370ede63e] c.e.demo.controller.ProductController    : This is an info message
2025-07-29T21:48:14.170+05:30 ERROR 16504 --- [sample-client] [http-nio-9191-exec-1] [6888f446c5897448f2af60f370ede63e-f2af60f370ede63e] c.e.demo.controller.ProductController    : Something went wrong!
2025-07-29T21:48:14.736+05:30  WARN 16504 --- [sample-client] [http-nio-9191-exec-4] [6888f4468da4d95cbe9b1384f386963d-be9b1384f386963d] .m.m.a.ExceptionHandlerExceptionResolver : Resolved [org.springframework.web.servlet.resource.NoResourceFoundException: No static resource favicon.ico.]
2025-07-29T22:13:28.432+05:30  WARN 16504 --- [sample-client] [http-nio-9191-exec-1] [6888fa309c424c089eb39bcfd2a37222-9eb39bcfd2a37222] .m.m.a.ExceptionHandlerExceptionResolver : Resolved [org.springframework.web.servlet.resource.NoResourceFoundException: No static resource favicon.ico.]
2025-07-29T22:55:52.411+05:30  WARN 16504 --- [sample-client] [HikariPool-1 housekeeper] [                                                 ] com.zaxxer.hikari.pool.HikariPool        : HikariPool-1 - Thread starvation or clock leap detected (housekeeper delta=35m4s640ms).
2025-07-29T23:14:49.708+05:30  WARN 16504 --- [sample-client] [HikariPool-1 housekeeper] [                                                 ] com.zaxxer.hikari.pool.HikariPool        : HikariPool-1 - Thread starvation or clock leap detected (housekeeper delta=18m27s282ms).
2025-07-29T23:31:48.524+05:30  WARN 16504 --- [sample-client] [HikariPool-1 housekeeper] [                                                 ] com.zaxxer.hikari.pool.HikariPool        : HikariPool-1 - Thread starvation or clock leap detected (housekeeper delta=16m58s816ms).
